#
# There is insufficient memory for the Java Runtime Environment to continue.
# Native memory allocation (mmap) failed to map 117440512 bytes for Failed to commit area from 0x0000000091000000 to 0x0000000098000000 of length 117440512.
# Possible reasons:
#   The system is out of physical RAM or swap space
#   The process is running with CompressedOops enabled, and the Java Heap may be blocking the growth of the native heap
# Possible solutions:
#   Reduce memory load on the system
#   Increase physical memory or swap space
#   Check if swap backing store is full
#   Decrease Java heap size (-Xmx/-Xms)
#   Decrease number of Java threads
#   Decrease Java thread stack sizes (-Xss)
#   Set larger code cache with -XX:ReservedCodeCacheSize=
# This output file may be truncated or incomplete.
#
#  Out of Memory Error (./src/hotspot/os/windows/os_windows.cpp:3387), pid=2408, tid=6384
#
# JRE version:  (11.0.14.1+1) (build )
# Java VM: OpenJDK 64-Bit Server VM (11.0.14.1+1, mixed mode, sharing, tiered, compressed oops, g1 gc, windows-amd64)
# No core dump will be written. Minidumps are not enabled by default on client versions of Windows
#

---------------  S U M M A R Y ------------

Command Line: 

Host: AMD Ryzen 5 3500U with Radeon Vega Mobile Gfx  , 8 cores, 6G,  Windows 10 , 64 bit Build 19041 (10.0.19041.3636)
Time: Sat Dec 23 15:17:43 2023 RTZ 4 (зима) elapsed time: 0.228555 seconds (0d 0h 0m 0s)

---------------  T H R E A D  ---------------

Current thread (0x000001907effb000):  JavaThread "Unknown thread" [_thread_in_vm, id=6384, stack(0x000000024f000000,0x000000024f100000)]

Stack: [0x000000024f000000,0x000000024f100000]
Native frames: (J=compiled Java code, j=interpreted, Vv=VM code, C=native code)
V  [jvm.dll+0x61e59a]
V  [jvm.dll+0x7aaca9]
V  [jvm.dll+0x7ac398]
V  [jvm.dll+0x7aca73]
V  [jvm.dll+0x24f9b8]
V  [jvm.dll+0x61b83a]
V  [jvm.dll+0x6100c5]
V  [jvm.dll+0x30772c]
V  [jvm.dll+0x3075b2]
V  [jvm.dll+0x30c2d6]
V  [jvm.dll+0x35272f]
V  [jvm.dll+0x352160]
V  [jvm.dll+0x2e4728]
V  [jvm.dll+0x2e5886]
V  [jvm.dll+0x784b07]
V  [jvm.dll+0x78628f]
V  [jvm.dll+0x35f479]
V  [jvm.dll+0x767aa0]
V  [jvm.dll+0x3ccf1f]
V  [jvm.dll+0x3cf2b1]
C  [jli.dll+0x5207]
C  [ucrtbase.dll+0x21bb2]
C  [KERNEL32.DLL+0x17344]
C  [ntdll.dll+0x526b1]


---------------  P R O C E S S  ---------------

Threads class SMR info:
_java_thread_list=0x000001907d694060, length=0, elements={
}

Java Threads: ( => current thread )

Other Threads:
  0x000001907f012800 GCTaskThread "GC Thread#0" [stack: 0x000000024f100000,0x000000024f200000] [id=26280]
  0x000001907f041000 ConcurrentGCThread "G1 Main Marker" [stack: 0x000000024f200000,0x000000024f300000] [id=26268]
  0x000001907f046800 ConcurrentGCThread "G1 Conc#0" [stack: 0x000000024f300000,0x000000024f400000] [id=3920]

[error occurred during error reporting (printing all threads), id 0xc0000005, EXCEPTION_ACCESS_VIOLATION (0xc0000005) at pc=0x00007ffd13ef3ef7]

VM state:not at safepoint (not fully initialized)

VM Mutex/Monitor currently owned by a thread:  ([mutex/lock_event])
[0x000001907eff7a30] Heap_lock - owner thread: 0x000001907effb000

Heap address: 0x0000000091000000, size: 1776 MB, Compressed Oops mode: Non-zero based: 0x0000000091000000
Narrow klass base: 0x0000000000000000, Narrow klass shift: 0

GC Heap History (0 events):
No events

Deoptimization events (0 events):
No events

Classes redefined (0 events):
No events

Internal exceptions (0 events):
No events

Events (1 events):
Event: 0.211 Loaded shared library D:\Unity\2021.3.1f1\Editor\2022.3.14f1\Editor\Data\PlaybackEngines\AndroidPlayer\OpenJDK\bin\zip.dll


Dynamic libraries:
0x00007ff720ae0000 - 0x00007ff720aed000 	D:\Unity\2021.3.1f1\Editor\2022.3.14f1\Editor\Data\PlaybackEngines\AndroidPlayer\OpenJDK\bin\java.exe
0x00007ffd72510000 - 0x00007ffd72708000 	C:\Windows\SYSTEM32\ntdll.dll
0x00007ffd70d50000 - 0x00007ffd70e0d000 	C:\Windows\System32\KERNEL32.DLL
0x00007ffd700e0000 - 0x00007ffd703d6000 	C:\Windows\System32\KERNELBASE.dll
0x00007ffd6fbf0000 - 0x00007ffd6fcf0000 	C:\Windows\System32\ucrtbase.dll
0x00007ffd626e0000 - 0x00007ffd626f5000 	D:\Unity\2021.3.1f1\Editor\2022.3.14f1\Editor\Data\PlaybackEngines\AndroidPlayer\OpenJDK\bin\VCRUNTIME140.dll
0x00007ffd626c0000 - 0x00007ffd626d7000 	D:\Unity\2021.3.1f1\Editor\2022.3.14f1\Editor\Data\PlaybackEngines\AndroidPlayer\OpenJDK\bin\jli.dll
0x00007ffd70850000 - 0x00007ffd709ee000 	C:\Windows\System32\USER32.dll
0x00007ffd61850000 - 0x00007ffd61aea000 	C:\Windows\WinSxS\amd64_microsoft.windows.common-controls_6595b64144ccf1df_6.0.19041.3636_none_60b6a03d71f818d5\COMCTL32.dll
0x00007ffd6fcf0000 - 0x00007ffd6fd12000 	C:\Windows\System32\win32u.dll
0x00007ffd712f0000 - 0x00007ffd7138e000 	C:\Windows\System32\msvcrt.dll
0x00007ffd71c10000 - 0x00007ffd71c3c000 	C:\Windows\System32\GDI32.dll
0x00007ffd6ff20000 - 0x00007ffd7003a000 	C:\Windows\System32\gdi32full.dll
0x00007ffd6fe80000 - 0x00007ffd6ff1d000 	C:\Windows\System32\msvcp_win.dll
0x00007ffd70b50000 - 0x00007ffd70b80000 	C:\Windows\System32\IMM32.DLL
0x00007ffd27a70000 - 0x00007ffd27b0b000 	D:\Unity\2021.3.1f1\Editor\2022.3.14f1\Editor\Data\PlaybackEngines\AndroidPlayer\OpenJDK\bin\msvcp140.dll
0x00007ffd13c00000 - 0x00007ffd14781000 	D:\Unity\2021.3.1f1\Editor\2022.3.14f1\Editor\Data\PlaybackEngines\AndroidPlayer\OpenJDK\bin\server\jvm.dll
0x00007ffd70aa0000 - 0x00007ffd70b4f000 	C:\Windows\System32\ADVAPI32.dll
0x00007ffd71c50000 - 0x00007ffd71cec000 	C:\Windows\System32\sechost.dll
0x00007ffd719a0000 - 0x00007ffd71ac6000 	C:\Windows\System32\RPCRT4.dll
0x00007ffd712e0000 - 0x00007ffd712e8000 	C:\Windows\System32\PSAPI.DLL
0x00007ffd6ccf0000 - 0x00007ffd6cd17000 	C:\Windows\SYSTEM32\WINMM.dll
0x00007ffd68bf0000 - 0x00007ffd68bfa000 	C:\Windows\SYSTEM32\VERSION.dll
0x00007ffd6ac50000 - 0x00007ffd6ac59000 	C:\Windows\SYSTEM32\WSOCK32.dll
0x00007ffd71930000 - 0x00007ffd7199b000 	C:\Windows\System32\WS2_32.dll
0x00007ffd6e470000 - 0x00007ffd6e482000 	C:\Windows\SYSTEM32\kernel.appcore.dll
0x00007ffd6aec0000 - 0x00007ffd6aed0000 	D:\Unity\2021.3.1f1\Editor\2022.3.14f1\Editor\Data\PlaybackEngines\AndroidPlayer\OpenJDK\bin\verify.dll
0x00007ffd6dc90000 - 0x00007ffd6de74000 	C:\Windows\SYSTEM32\DBGHELP.DLL
0x00007ffd565e0000 - 0x00007ffd56614000 	C:\Windows\SYSTEM32\dbgcore.DLL
0x00007ffd70430000 - 0x00007ffd704b2000 	C:\Windows\System32\bcryptPrimitives.dll
0x00007ffd62690000 - 0x00007ffd626b8000 	D:\Unity\2021.3.1f1\Editor\2022.3.14f1\Editor\Data\PlaybackEngines\AndroidPlayer\OpenJDK\bin\java.dll
0x00007ffd6ac90000 - 0x00007ffd6ac9a000 	D:\Unity\2021.3.1f1\Editor\2022.3.14f1\Editor\Data\PlaybackEngines\AndroidPlayer\OpenJDK\bin\jimage.dll
0x00007ffd62670000 - 0x00007ffd62688000 	D:\Unity\2021.3.1f1\Editor\2022.3.14f1\Editor\Data\PlaybackEngines\AndroidPlayer\OpenJDK\bin\zip.dll

dbghelp: loaded successfully - version: 4.0.5 - missing functions: none
symbol engine: initialized successfully - sym options: 0x614 - pdb path: .;D:\Unity\2021.3.1f1\Editor\2022.3.14f1\Editor\Data\PlaybackEngines\AndroidPlayer\OpenJDK\bin;C:\Windows\SYSTEM32;C:\Windows\WinSxS\amd64_microsoft.windows.common-controls_6595b64144ccf1df_6.0.19041.3636_none_60b6a03d71f818d5;D:\Unity\2021.3.1f1\Editor\2022.3.14f1\Editor\Data\PlaybackEngines\AndroidPlayer\OpenJDK\bin\server

VM Arguments:
java_command: <unknown>
java_class_path (initial): <not set>
Launcher Type: SUN_STANDARD

[Global flags]
     intx CICompilerCount                          = 4                                         {product} {ergonomic}
     uint ConcGCThreads                            = 2                                         {product} {ergonomic}
     uint G1ConcRefinementThreads                  = 8                                         {product} {ergonomic}
   size_t G1HeapRegionSize                         = 1048576                                   {product} {ergonomic}
    uintx GCDrainStackTargetSize                   = 64                                        {product} {ergonomic}
   size_t InitialHeapSize                          = 117440512                                 {product} {ergonomic}
   size_t MarkStackSize                            = 4194304                                   {product} {ergonomic}
   size_t MaxHeapSize                              = 1862270976                                {product} {ergonomic}
   size_t MinHeapDeltaBytes                        = 1048576                                   {product} {ergonomic}
    uintx NonNMethodCodeHeapSize                   = 5836300                                {pd product} {ergonomic}
    uintx NonProfiledCodeHeapSize                  = 122910970                              {pd product} {ergonomic}
    uintx ProfiledCodeHeapSize                     = 122910970                              {pd product} {ergonomic}
    uintx ReservedCodeCacheSize                    = 251658240                              {pd product} {ergonomic}
     bool SegmentedCodeCache                       = true                                      {product} {ergonomic}
     bool UseCompressedClassPointers               = true                                 {lp64_product} {ergonomic}
     bool UseCompressedOops                        = true                                 {lp64_product} {ergonomic}
     bool UseG1GC                                  = true                                      {product} {ergonomic}
     bool UseLargePagesIndividualAllocation        = false                                  {pd product} {ergonomic}

Logging:
Log output configuration:
 #0: stdout all=warning uptime,level,tags
 #1: stderr all=off uptime,level,tags

Environment Variables:
JAVA_HOME=D:/Unity/2021.3.1f1/Editor/2022.3.14f1/Editor/Data/PlaybackEngines/AndroidPlayer\OpenJDK
PATH=C:\Windows\system32;C:\Windows;C:\Windows\System32\Wbem;C:\Windows\System32\WindowsPowerShell\v1.0\;C:\Windows\System32\OpenSSH\;C:\Program Files\Git\cmd;C:\Program Files\Git LFS;C:\Program Files\dotnet\;C:\Program Files (x86)\GtkSharp\2.12\bin;C:\Users\marat\AppData\Local\Microsoft\WindowsApps;C:\Users\marat\AppData\Local\GitHubDesktop\bin;C:\Users\marat\.dotnet\tools;
USERNAME=marat
OS=Windows_NT
PROCESSOR_IDENTIFIER=AMD64 Family 23 Model 24 Stepping 1, AuthenticAMD



---------------  S Y S T E M  ---------------

OS: Windows 10 , 64 bit Build 19041 (10.0.19041.3636)
OS uptime: 9 days 3:23 hours

CPU:total 8 (initial active 8) (8 cores per cpu, 2 threads per core) family 23 model 24 stepping 1 microcode 0x0, cmov, cx8, fxsr, mmx, sse, sse2, sse3, ssse3, sse4.1, sse4.2, popcnt, avx, avx2, aes, clmul, mmxext, 3dnowpref, lzcnt, sse4a, ht, tsc, tscinvbit, tscinv, bmi1, bmi2, adx, sha, fma

Memory: 4k page, system-wide physical 7103M (363M free)
TotalPageFile size 17343M (AvailPageFile size 115M)
current process WorkingSet (physical memory assigned to process): 10M, peak: 10M
current process commit charge ("private bytes"): 60M, peak: 171M

vm_info: OpenJDK 64-Bit Server VM (11.0.14.1+1) for windows-amd64 JRE (11.0.14.1+1), built on Feb  9 2022 01:48:27 by "" with unknown MS VC++:1916

END.
